<?xml version="1.0" encoding="UTF-8"?>
<testsuite xmlns:xsi="http://www.w3.org/2001/XMLSchema-instance" xsi:noNamespaceSchemaLocation="https://maven.apache.org/surefire/maven-surefire-plugin/xsd/surefire-test-report-3.0.xsd" version="3.0" name="TestSuite" time="3.412" tests="6" errors="0" skipped="0" failures="0">
  <properties>
    <property name="java.specification.version" value="13"/>
    <property name="sun.jnu.encoding" value="UTF-8"/>
    <property name="java.class.path" value="/Users/gauravmehta/IdeaProjects/zetaautomation/target/test-classes:/Users/gauravmehta/IdeaProjects/zetaautomation/target/classes:/Users/gauravmehta/.m2/repository/com/google/code/gson/gson/2.8.5/gson-2.8.5.jar:/Users/gauravmehta/.m2/repository/io/rest-assured/rest-assured/3.3.0/rest-assured-3.3.0.jar:/Users/gauravmehta/.m2/repository/org/codehaus/groovy/groovy/2.4.15/groovy-2.4.15.jar:/Users/gauravmehta/.m2/repository/org/codehaus/groovy/groovy-xml/2.4.15/groovy-xml-2.4.15.jar:/Users/gauravmehta/.m2/repository/org/apache/httpcomponents/httpclient/4.5.3/httpclient-4.5.3.jar:/Users/gauravmehta/.m2/repository/org/apache/httpcomponents/httpcore/4.4.6/httpcore-4.4.6.jar:/Users/gauravmehta/.m2/repository/commons-logging/commons-logging/1.2/commons-logging-1.2.jar:/Users/gauravmehta/.m2/repository/commons-codec/commons-codec/1.9/commons-codec-1.9.jar:/Users/gauravmehta/.m2/repository/org/apache/httpcomponents/httpmime/4.5.3/httpmime-4.5.3.jar:/Users/gauravmehta/.m2/repository/org/hamcrest/hamcrest-core/1.3/hamcrest-core-1.3.jar:/Users/gauravmehta/.m2/repository/org/hamcrest/hamcrest-library/1.3/hamcrest-library-1.3.jar:/Users/gauravmehta/.m2/repository/org/ccil/cowan/tagsoup/tagsoup/1.2.1/tagsoup-1.2.1.jar:/Users/gauravmehta/.m2/repository/io/rest-assured/json-path/3.3.0/json-path-3.3.0.jar:/Users/gauravmehta/.m2/repository/org/codehaus/groovy/groovy-json/2.4.15/groovy-json-2.4.15.jar:/Users/gauravmehta/.m2/repository/io/rest-assured/rest-assured-common/3.3.0/rest-assured-common-3.3.0.jar:/Users/gauravmehta/.m2/repository/io/rest-assured/xml-path/3.3.0/xml-path-3.3.0.jar:/Users/gauravmehta/.m2/repository/org/apache/commons/commons-lang3/3.4/commons-lang3-3.4.jar:/Users/gauravmehta/.m2/repository/javax/xml/bind/jaxb-api/2.2.12/jaxb-api-2.2.12.jar:/Users/gauravmehta/.m2/repository/com/sun/xml/bind/jaxb-osgi/2.2.10/jaxb-osgi-2.2.10.jar:/Users/gauravmehta/.m2/repository/org/apache/sling/org.apache.sling.javax.activation/0.1.0/org.apache.sling.javax.activation-0.1.0.jar:/Users/gauravmehta/.m2/repository/javax/activation/activation/1.1.1/activation-1.1.1.jar:/Users/gauravmehta/.m2/repository/org/projectlombok/lombok/1.18.2/lombok-1.18.2.jar:/Users/gauravmehta/.m2/repository/org/testng/testng/6.14.3/testng-6.14.3.jar:/Users/gauravmehta/.m2/repository/com/beust/jcommander/1.72/jcommander-1.72.jar:/Users/gauravmehta/.m2/repository/org/apache-extras/beanshell/bsh/2.0b6/bsh-2.0b6.jar:/Users/gauravmehta/.m2/repository/org/json/json/20160212/json-20160212.jar:"/>
    <property name="java.vm.vendor" value="Oracle Corporation"/>
    <property name="sun.arch.data.model" value="64"/>
    <property name="java.vendor.url" value="https://openjdk.java.net/"/>
    <property name="suiteXmlFile" value="/Users/gauravmehta/IdeaProjects/zetaautomation/src/main/resources/zomato_regression_suite.xml"/>
    <property name="os.name" value="Mac OS X"/>
    <property name="java.vm.specification.version" value="13"/>
    <property name="sun.java.launcher" value="SUN_STANDARD"/>
    <property name="user.country" value="IN"/>
    <property name="sun.boot.library.path" value="/usr/local/Cellar/openjdk/13.0.2+8_2/libexec/openjdk.jdk/Contents/Home/lib"/>
    <property name="sun.java.command" value="/Users/gauravmehta/IdeaProjects/zetaautomation/target/surefire/surefirebooter4763138488887325083.jar /Users/gauravmehta/IdeaProjects/zetaautomation/target/surefire 2020-04-08T20-44-23_883-jvmRun1 surefire12274632410520668628tmp surefire_014061040245158665022tmp"/>
    <property name="jdk.debug" value="release"/>
    <property name="surefire.test.class.path" value="/Users/gauravmehta/IdeaProjects/zetaautomation/target/test-classes:/Users/gauravmehta/IdeaProjects/zetaautomation/target/classes:/Users/gauravmehta/.m2/repository/com/google/code/gson/gson/2.8.5/gson-2.8.5.jar:/Users/gauravmehta/.m2/repository/io/rest-assured/rest-assured/3.3.0/rest-assured-3.3.0.jar:/Users/gauravmehta/.m2/repository/org/codehaus/groovy/groovy/2.4.15/groovy-2.4.15.jar:/Users/gauravmehta/.m2/repository/org/codehaus/groovy/groovy-xml/2.4.15/groovy-xml-2.4.15.jar:/Users/gauravmehta/.m2/repository/org/apache/httpcomponents/httpclient/4.5.3/httpclient-4.5.3.jar:/Users/gauravmehta/.m2/repository/org/apache/httpcomponents/httpcore/4.4.6/httpcore-4.4.6.jar:/Users/gauravmehta/.m2/repository/commons-logging/commons-logging/1.2/commons-logging-1.2.jar:/Users/gauravmehta/.m2/repository/commons-codec/commons-codec/1.9/commons-codec-1.9.jar:/Users/gauravmehta/.m2/repository/org/apache/httpcomponents/httpmime/4.5.3/httpmime-4.5.3.jar:/Users/gauravmehta/.m2/repository/org/hamcrest/hamcrest-core/1.3/hamcrest-core-1.3.jar:/Users/gauravmehta/.m2/repository/org/hamcrest/hamcrest-library/1.3/hamcrest-library-1.3.jar:/Users/gauravmehta/.m2/repository/org/ccil/cowan/tagsoup/tagsoup/1.2.1/tagsoup-1.2.1.jar:/Users/gauravmehta/.m2/repository/io/rest-assured/json-path/3.3.0/json-path-3.3.0.jar:/Users/gauravmehta/.m2/repository/org/codehaus/groovy/groovy-json/2.4.15/groovy-json-2.4.15.jar:/Users/gauravmehta/.m2/repository/io/rest-assured/rest-assured-common/3.3.0/rest-assured-common-3.3.0.jar:/Users/gauravmehta/.m2/repository/io/rest-assured/xml-path/3.3.0/xml-path-3.3.0.jar:/Users/gauravmehta/.m2/repository/org/apache/commons/commons-lang3/3.4/commons-lang3-3.4.jar:/Users/gauravmehta/.m2/repository/javax/xml/bind/jaxb-api/2.2.12/jaxb-api-2.2.12.jar:/Users/gauravmehta/.m2/repository/com/sun/xml/bind/jaxb-osgi/2.2.10/jaxb-osgi-2.2.10.jar:/Users/gauravmehta/.m2/repository/org/apache/sling/org.apache.sling.javax.activation/0.1.0/org.apache.sling.javax.activation-0.1.0.jar:/Users/gauravmehta/.m2/repository/javax/activation/activation/1.1.1/activation-1.1.1.jar:/Users/gauravmehta/.m2/repository/org/projectlombok/lombok/1.18.2/lombok-1.18.2.jar:/Users/gauravmehta/.m2/repository/org/testng/testng/6.14.3/testng-6.14.3.jar:/Users/gauravmehta/.m2/repository/com/beust/jcommander/1.72/jcommander-1.72.jar:/Users/gauravmehta/.m2/repository/org/apache-extras/beanshell/bsh/2.0b6/bsh-2.0b6.jar:/Users/gauravmehta/.m2/repository/org/json/json/20160212/json-20160212.jar:"/>
    <property name="sun.cpu.endian" value="little"/>
    <property name="user.home" value="/Users/gauravmehta"/>
    <property name="user.language" value="en"/>
    <property name="java.specification.vendor" value="Oracle Corporation"/>
    <property name="java.version.date" value="2020-01-14"/>
    <property name="java.home" value="/usr/local/Cellar/openjdk/13.0.2+8_2/libexec/openjdk.jdk/Contents/Home"/>
    <property name="file.separator" value="/"/>
    <property name="basedir" value="/Users/gauravmehta/IdeaProjects/zetaautomation"/>
    <property name="java.vm.compressedOopsMode" value="Zero based"/>
    <property name="line.separator" value="&#10;"/>
    <property name="java.vm.specification.vendor" value="Oracle Corporation"/>
    <property name="java.specification.name" value="Java Platform API Specification"/>
    <property name="surefire.real.class.path" value="/Users/gauravmehta/IdeaProjects/zetaautomation/target/surefire/surefirebooter4763138488887325083.jar"/>
    <property name="sun.management.compiler" value="HotSpot 64-Bit Tiered Compilers"/>
    <property name="java.runtime.version" value="13.0.2+8"/>
    <property name="user.name" value="gauravmehta"/>
    <property name="path.separator" value=":"/>
    <property name="os.version" value="10.14.5"/>
    <property name="java.runtime.name" value="OpenJDK Runtime Environment"/>
    <property name="file.encoding" value="US-ASCII"/>
    <property name="java.vm.name" value="OpenJDK 64-Bit Server VM"/>
    <property name="key" value="4bd8b592e55054458e37c284ae9459f1"/>
    <property name="localRepository" value="/Users/gauravmehta/.m2/repository"/>
    <property name="java.vendor.url.bug" value="https://bugreport.java.com/bugreport/"/>
    <property name="java.io.tmpdir" value="/var/folders/km/5d9ht0sj6jxcb14lzgrjywch0000gr/T/"/>
    <property name="java.version" value="13.0.2"/>
    <property name="user.dir" value="/Users/gauravmehta/IdeaProjects/zetaautomation"/>
    <property name="os.arch" value="x86_64"/>
    <property name="java.vm.specification.name" value="Java Virtual Machine Specification"/>
    <property name="java.library.path" value="/Users/gauravmehta/Library/Java/Extensions:/Library/Java/Extensions:/Network/Library/Java/Extensions:/System/Library/Java/Extensions:/usr/lib/java:."/>
    <property name="java.vm.info" value="mixed mode, sharing"/>
    <property name="java.vendor" value="N/A"/>
    <property name="java.vm.version" value="13.0.2+8"/>
    <property name="sun.io.unicode.encoding" value="UnicodeBig"/>
    <property name="java.class.version" value="57.0"/>
  </properties>
  <testcase name="veerifyLocationDetails" classname="Tests.GetCategoriesTest" time="0"/>
  <testcase name="verifyCategoriesCount" classname="Tests.GetCategoriesTest" time="1.048"/>
  <testcase name="verifyRequiredCategoryIsSeen" classname="Tests.GetCategoriesTest" time="0.414"/>
  <testcase name="verifyCities" classname="Tests.GetCitiesTest" time="0.592"/>
  <testcase name="verifyCuisinesInACityTest" classname="Tests.GetCuisinesTest" time="0.418"/>
  <testcase name="voidTest2" classname="Tests.GetCuisinesTest" time="0.422"/>
</testsuite>