<?xml version="1.0" encoding="UTF-8"?>
<!-- Generated by org.testng.reporters.JUnitReportReporter -->
<testsuite hostname="gauravm-a01.vmware.com" failures="0" tests="3" name="Tests.GetCategoriesTest" time="1.463" errors="0" timestamp="08 Apr 2020 15:14:27 GMT" skipped="0">
  <testcase classname="Tests.GetCategoriesTest" name="verifyCategoriesCount" time="1.047"/>
  <testcase classname="Tests.GetCategoriesTest" name="verifyRequiredCategoryIsSeen" time="0.416"/>
  <testcase classname="Tests.GetCategoriesTest" name="veerifyLocationDetails" time="0.000"/>
</testsuite> <!-- Tests.GetCategoriesTest -->
