<?xml version="1.0" encoding="UTF-8"?>
<!-- Generated by org.testng.reporters.JUnitReportReporter -->
<testsuite hostname="gauravm-a01.vmware.com" failures="0" tests="2" name="Tests.GetCuisinesTest" time="0.840" errors="0" timestamp="08 Apr 2020 15:14:27 GMT" skipped="0">
  <testcase classname="Tests.GetCuisinesTest" name="verifyCuisinesInACityTest" time="0.418"/>
  <testcase classname="Tests.GetCuisinesTest" name="voidTest2" time="0.422"/>
</testsuite> <!-- Tests.GetCuisinesTest -->
