<?xml version="1.0" encoding="UTF-8"?>
<!-- Generated by org.testng.reporters.JUnitReportReporter -->
<testsuite hostname="gauravm-a01.vmware.com" failures="0" tests="3" name="Tests.GetCategoriesTest" time="3.370" errors="0" timestamp="11 Apr 2020 07:03:56 GMT" skipped="0">
  <testcase classname="Tests.GetCategoriesTest" name="verifyCategoriesCount" time="1.069"/>
  <testcase classname="Tests.GetCategoriesTest" name="verifyRequiredCategoryIsSeen" time="2.299"/>
  <testcase classname="Tests.GetCategoriesTest" name="veerifyLocationDetails" time="0.002"/>
</testsuite> <!-- Tests.GetCategoriesTest -->
