<?xml version="1.0" encoding="UTF-8"?>
<!-- Generated by org.testng.reporters.JUnitReportReporter -->
<testsuite hostname="gauravm-a01.vmware.com" failures="0" tests="1" name="Tests.GetCitiesTest" time="0.856" errors="0" timestamp="11 Apr 2020 07:03:57 GMT" skipped="0">
  <testcase classname="Tests.GetCitiesTest" name="verifyCities" time="0.856"/>
</testsuite> <!-- Tests.GetCitiesTest -->
