<?xml version="1.0" encoding="UTF-8"?>
<!-- Generated by org.testng.reporters.JUnitReportReporter -->
<testsuite hostname="gauravm-a01.vmware.com" failures="0" tests="2" name="Tests.GetCuisinesTest" time="0.694" errors="0" timestamp="11 Apr 2020 07:03:57 GMT" skipped="0">
  <testcase classname="Tests.GetCuisinesTest" name="verifyCuisinesInACityTest" time="0.449"/>
  <testcase classname="Tests.GetCuisinesTest" name="voidTest2" time="0.245"/>
</testsuite> <!-- Tests.GetCuisinesTest -->
