<?xml version="1.0" encoding="UTF-8"?>
<!-- Generated by org.testng.reporters.JUnitReportReporter -->
<testsuite hostname="gauravm-a01.vmware.com" failures="0" tests="1" name="Tests.GetCitiesTest" time="0.592" errors="0" timestamp="08 Apr 2020 15:14:27 GMT" skipped="0">
  <testcase classname="Tests.GetCitiesTest" name="verifyCities" time="0.592"/>
</testsuite> <!-- Tests.GetCitiesTest -->
